\BOOKMARK [1][-]{section.1}{\376\377\0001\000.\000\040\225\356\230\230\221\315\217\360}{}% 1
\BOOKMARK [2][-]{subsection.1.1}{\376\377\0001\000.\0001\000\040\225\356\230\230\200\314\146\157}{section.1}% 2
\BOOKMARK [2][-]{subsection.1.2}{\376\377\0001\000.\0002\000\040\227\000\211\201\211\343\121\263\166\204\225\356\230\230}{section.1}% 3
\BOOKMARK [3][-]{subsubsection.1.2.1}{\376\377\0001\000.\0002\000.\0001\000\040\225\356\230\230\000-\0001\377\032\121\111\117\040\220\001\224\376\215\357\136\372\152\041}{subsection.1.2}% 4
\BOOKMARK [3][-]{subsubsection.1.2.2}{\376\377\0001\000.\0002\000.\0002\000\040\225\356\230\230\000-\0002\377\032\121\111\117\040\220\001\177\121\211\304\122\022}{subsection.1.2}% 5
\BOOKMARK [3][-]{subsubsection.1.2.3}{\376\377\0001\000.\0002\000.\0003\000\040\225\356\230\230\000-\0003\377\032\145\071\125\204\146\037\136\247\126\376}{subsection.1.2}% 6
\BOOKMARK [1][-]{section.2}{\376\377\0002\000.\000\040\225\356\230\230\116\000\000\040\121\111\117\040\220\001\224\376\215\357\136\372\152\041}{}% 7
\BOOKMARK [2][-]{subsection.2.1}{\376\377\0002\000.\0001\000\040\225\356\230\230\000-\0001\000\040\133\120\225\356\230\230\000-\0001\377\011\211\343\173\124}{section.2}% 8
\BOOKMARK [3][-]{subsubsection.2.1.1}{\376\377\0002\000.\0001\000.\0001\000\040\000Q\000P\000S\000K\117\341\123\367\140\305\121\265}{subsection.2.1}% 9
\BOOKMARK [3][-]{subsubsection.2.1.2}{\376\377\0002\000.\0001\000.\0002\000\040\0008\000Q\000A\000M\117\341\123\367\140\305\121\265}{subsection.2.1}% 10
\BOOKMARK [3][-]{subsubsection.2.1.3}{\376\377\0002\000.\0001\000.\0003\000\040\0001\0006\000Q\000A\000M\000\040\117\341\123\367\140\305\121\265}{subsection.2.1}% 11
\BOOKMARK [2][-]{subsection.2.2}{\376\377\0002\000.\0002\000\040\225\356\230\230\000-\0001\000\040\133\120\225\356\230\230\000-\0002\377\011}{section.2}% 12
\BOOKMARK [3][-]{subsubsection.2.2.1}{\376\377\0002\000.\0002\000.\0001\000\040\123\125\215\350\117\040\217\223\136\372\152\041}{subsection.2.2}% 13
\BOOKMARK [3][-]{subsubsection.2.2.2}{\376\377\0002\000.\0002\000.\0002\000\040\225\356\230\230\000-\0001\000\040\133\120\225\356\230\230\000-\0002\377\011\154\102\211\343}{subsection.2.2}% 14
\BOOKMARK [1][-]{section.3}{\376\377\0003\000.\000\040\225\356\230\230\116\214\121\111\117\040\220\001\177\121\166\204\211\304\122\022}{}% 15
\BOOKMARK [2][-]{subsection.3.1}{\376\377\0003\000.\0001\000\040\152\041\127\213\136\372\172\313}{section.3}% 16
\BOOKMARK [1][-]{section.4}{\376\377\0004\000.\000\040\173\046\123\367\213\364\146\016}{}% 17
\BOOKMARK [1][-]{section.5}{\376\377\0005\000.\000\040\225\356\230\230\122\006\147\220}{}% 18
\BOOKMARK [2][-]{subsection.5.1}{\376\377\0005\000.\0001\000\040\225\356\230\230\116\000\122\006\147\220}{section.5}% 19
\BOOKMARK [2][-]{subsection.5.2}{\376\377\0005\000.\0002\000\040\225\356\230\230\116\214\122\006\147\220}{section.5}% 20
\BOOKMARK [2][-]{subsection.5.3}{\376\377\0005\000.\0003\000\040\225\356\230\230\116\011\122\006\147\220}{section.5}% 21
\BOOKMARK [1][-]{section*.20}{\376\377\123\302\200\003\145\207\163\056}{}% 22
\BOOKMARK [1][-]{section.1}{\376\377\226\104\137\125\000A\000\040\142\021\166\204\000\040\000M\000A\000T\000L\000A\000B\000\040\156\220\172\013\136\217}{}% 23
